<?xml version="1.0" encoding="UTF-8"?>
<!-- Generated by org.testng.reporters.JUnitReportReporter -->
<testsuite skipped="0" hostname="Marks-MacBook-Pro.local" name="com.hudspot.qa.test.HomePageTest" tests="1" failures="0" timestamp="12 Jan 2019 22:34:49 GMT" time="11.462" errors="0">
  <testcase name="contactPage" time="11.462" classname="com.hudspot.qa.test.HomePageTest"/>
</testsuite> <!-- com.hudspot.qa.test.HomePageTest -->
